<?xml version="1.0" encoding="UTF-8"?>
<testsuite name="su.kamil.dev.tcp_retranslators.IPv4Test" tests="2" skipped="0" failures="0" errors="0" timestamp="2026-05-16T18:12:03" hostname="toolbx" time="10.009">
  <properties/>
  <testcase name="testClientIPv4TCP()" classname="su.kamil.dev.tcp_retranslators.IPv4Test" time="0.002"/>
  <testcase name="testServerIPv4TCP()" classname="su.kamil.dev.tcp_retranslators.IPv4Test" time="10.004"/>
  <system-out><![CDATA[Using IPv4: 0.0.0.0/0.0.0.0
ipv4 sender sends message
accepted /127.0.0.1
trying
ipv4 sender sends message
ipv4 sender sends message
ipv4 sender sends message
ipv4 sender sends message
ipv4 sender sends message
ipv4 sender sends message
ipv4 sender sends message
ipv4 sender sends message
ipv4 sender sends message
ipv4 sender sends message
ipv4 sender sends message
ipv4 sender sends message
ipv4 sender sends message
ipv4 sender sends message
ipv4 sender sends message
ipv4 sender sends message
ipv4 sender sends message
ipv4 sender sends message
ipv4 sender sends message
ipv4 sender sends message
ipv4 sender sends message
ipv4 sender sends message
ipv4 sender sends message
ipv4 sender sends message
ipv4 sender sends message
ipv4 sender sends message
ipv4 sender sends message
ipv4 sender sends message
ipv4 sender sends message
ipv4 sender sends message
ipv4 sender sends message
ipv4 sender sends message
ipv4 sender sends message
]]></system-out>
  <system-err><![CDATA[]]></system-err>
</testsuite>
